09-10 12:34:48 com_github_MitjaNemec_Archive3DModels.action_archive_3d_models 210:Plugin executed on: 'linux'
09-10 12:34:48 com_github_MitjaNemec_Archive3DModels.action_archive_3d_models 211:Plugin executed with python version: '3.8.10 (default, Jun 22 2022, 20:18:18) \n[GCC 9.4.0]'
09-10 12:34:48 com_github_MitjaNemec_Archive3DModels.action_archive_3d_models 212:KiCad build version: 6.0.7-f9a2dced07~116~ubuntu20.04.1
09-10 12:34:48 com_github_MitjaNemec_Archive3DModels.action_archive_3d_models 213:Plugin version: 1.0.3

09-10 12:35:00 com_github_MitjaNemec_Archive3DModels.archive_3d_models 13:Starting to archive 3D models
09-10 12:35:00 com_github_MitjaNemec_Archive3DModels.archive_3d_models 34:Getting 3D models for footprint of: X3
09-10 12:35:00 com_github_MitjaNemec_Archive3DModels.archive_3d_models 45:Trying to copy: ${KIPRJMOD}/packages3D/S2B-PH-SM4-TB.stp
09-10 12:35:00 com_github_MitjaNemec_Archive3DModels.archive_3d_models 105:Remapping: ${KIPRJMOD}/packages3D/S2B-PH-SM4-TB.stp
09-10 12:35:00 com_github_MitjaNemec_Archive3DModels.archive_3d_models 45:Trying to copy: ${KIPRJMOD}/packages3D/S2B-PH-SM4-TB.stp
09-10 12:35:00 com_github_MitjaNemec_Archive3DModels.archive_3d_models 105:Remapping: ${KIPRJMOD}/packages3D/S2B-PH-SM4-TB.stp
09-10 12:35:00 com_github_MitjaNemec_Archive3DModels.archive_3d_models 45:Trying to copy: ${KIPRJMOD}/packages3D/S2B-PH-SM4-TB.stp
09-10 12:35:00 com_github_MitjaNemec_Archive3DModels.archive_3d_models 105:Remapping: ${KIPRJMOD}/packages3D/S2B-PH-SM4-TB.stp
09-10 12:35:00 com_github_MitjaNemec_Archive3DModels.archive_3d_models 34:Getting 3D models for footprint of: X1
09-10 12:35:00 com_github_MitjaNemec_Archive3DModels.archive_3d_models 45:Trying to copy: ${KIPRJMOD}/packages3D/S2B-ZR-SM4A-TF_LF__SN_.step
09-10 12:35:00 com_github_MitjaNemec_Archive3DModels.archive_3d_models 105:Remapping: ${KIPRJMOD}/packages3D/S2B-ZR-SM4A-TF_LF__SN_.step
09-10 12:35:00 com_github_MitjaNemec_Archive3DModels.archive_3d_models 34:Getting 3D models for footprint of: X2
09-10 12:35:00 com_github_MitjaNemec_Archive3DModels.archive_3d_models 45:Trying to copy: ${KIPRJMOD}/packages3D/S2B-ZR-SM4A-TF_LF__SN_.step
09-10 12:35:00 com_github_MitjaNemec_Archive3DModels.archive_3d_models 105:Remapping: ${KIPRJMOD}/packages3D/S2B-ZR-SM4A-TF_LF__SN_.step
09-10 12:35:00 com_github_MitjaNemec_Archive3DModels.archive_3d_models 34:Getting 3D models for footprint of: X4
09-10 12:35:00 com_github_MitjaNemec_Archive3DModels.archive_3d_models 45:Trying to copy: ${KIPRJMOD}/packages3D/S2B-ZR-SM4A-TF_LF__SN_.step
09-10 12:35:00 com_github_MitjaNemec_Archive3DModels.archive_3d_models 105:Remapping: ${KIPRJMOD}/packages3D/S2B-ZR-SM4A-TF_LF__SN_.step
09-10 12:35:00 com_github_MitjaNemec_Archive3DModels.archive_3d_models 34:Getting 3D models for footprint of: LD1
09-10 12:35:00 com_github_MitjaNemec_Archive3DModels.archive_3d_models 45:Trying to copy: ${KIPRJMOD}/packages3D/APA102C.step
09-10 12:35:00 com_github_MitjaNemec_Archive3DModels.archive_3d_models 105:Remapping: ${KIPRJMOD}/packages3D/APA102C.step
09-10 12:35:00 com_github_MitjaNemec_Archive3DModels.archive_3d_models 45:Trying to copy: ${KIPRJMOD}/packages3D/APA102C.step
09-10 12:35:00 com_github_MitjaNemec_Archive3DModels.archive_3d_models 105:Remapping: ${KIPRJMOD}/packages3D/APA102C.step
